\BOOKMARK [1][-]{section.1}{Background}{}% 1
\BOOKMARK [1][-]{section.2}{Project Description}{}% 2
\BOOKMARK [1][-]{section.3}{Development Environment}{}% 3
\BOOKMARK [2][-]{subsection.3.1}{Robotic Operating System \(ROS\)}{section.3}% 4
\BOOKMARK [2][-]{subsection.3.2}{External libraties}{section.3}% 5
\BOOKMARK [1][-]{section.4}{System Overwiev}{}% 6
\BOOKMARK [1][-]{section.5}{Subsystems}{}% 7
\BOOKMARK [2][-]{subsection.5.1}{Input Data}{section.5}% 8
\BOOKMARK [3][-]{subsubsection.5.1.1}{Joint states of robot}{subsection.5.1}% 9
\BOOKMARK [3][-]{subsubsection.5.1.2}{Depth-image from Kinect}{subsection.5.1}% 10
\BOOKMARK [3][-]{subsubsection.5.1.3}{RGB-image from Kinect}{subsection.5.1}% 11
\BOOKMARK [3][-]{subsubsection.5.1.4}{tf}{subsection.5.1}% 12
\BOOKMARK [2][-]{subsection.5.2}{Calibration}{section.5}% 13
\BOOKMARK [3][-]{subsubsection.5.2.1}{Intrinsic calibration}{subsection.5.2}% 14
\BOOKMARK [3][-]{subsubsection.5.2.2}{Extrinsic calibration}{subsection.5.2}% 15
\BOOKMARK [3][-]{subsubsection.5.2.3}{Transformation of robot joints}{subsection.5.2}% 16
\BOOKMARK [3][-]{subsubsection.5.2.4}{Transformation into camera coordinate system}{subsection.5.2}% 17
\BOOKMARK [2][-]{subsection.5.3}{Background segmentation}{section.5}% 18
\BOOKMARK [2][-]{subsection.5.4}{Clustering}{section.5}% 19
\BOOKMARK [2][-]{subsection.5.5}{Removal of Robot}{section.5}% 20
\BOOKMARK [2][-]{subsection.5.6}{Distance Calculation}{section.5}% 21
\BOOKMARK [1][-]{section.6}{Tracking}{}% 22
\BOOKMARK [2][-]{subsection.6.1}{Visualization}{section.6}% 23
\BOOKMARK [3][-]{subsubsection.6.1.1}{Robot}{subsection.6.1}% 24
\BOOKMARK [3][-]{subsubsection.6.1.2}{Objects}{subsection.6.1}% 25
\BOOKMARK [3][-]{subsubsection.6.1.3}{Distances}{subsection.6.1}% 26
\BOOKMARK [1][-]{section.7}{Results and Evaluation}{}% 27
\BOOKMARK [2][-]{subsection.7.1}{Performance of system using tracking functionality}{section.7}% 28
\BOOKMARK [2][-]{subsection.7.2}{Performance of system without tracking}{section.7}% 29
\BOOKMARK [1][-]{section.8}{Conclusion and Discussion}{}% 30
\BOOKMARK [2][-]{subsubsection.8.0.1}{Discussions}{section.8}% 31
\BOOKMARK [3][-]{subsubsection.8.0.2}{Uncertainty of calibration}{subsubsection.8.0.1}% 32
\BOOKMARK [3][-]{subsubsection.8.0.3}{Conclusion}{subsubsection.8.0.1}% 33
